<?xml version="1.0" encoding="UTF-8"?>
<!-- Generated by org.testng.reporters.JUnitReportReporter -->
<testsuite skipped="0" hostname="Admin" name="com.qa.googlesearch.GoogleSearchTest" tests="1" failures="0" timestamp="13 Feb 2018 01:02:53 GMT" time="12.602" errors="0">
  <testcase name="search" time="12.602" classname="com.qa.googlesearch.GoogleSearchTest"/>
</testsuite> <!-- com.qa.googlesearch.GoogleSearchTest -->
